<?xml version="1.0" encoding="UTF-8"?>
<!-- Generated by org.testng.reporters.JUnitXMLReporter -->
<testsuite ignored="0" hostname="Prakash-PC" failures="1" tests="1" name="Team-Module Test Cases" time="39.912" errors="0" timestamp="23 Aug 2018 00:20:06 GMT">
  <testcase classname="com.branch.qa.testcases.BranchTestCases" name="checkEmployeeDetails" time="24.379">
    <failure type="java.lang.AssertionError" message="The following asserts failed:
	Either Total employee count, total employee names or total employee departs don&amp;apos;t match with all other tabs expected [{AARON LOPEZ=Engineering, ADAM MICHALSKI=Partner Growth, ADITI VERMA=Data, AGRIM NIGAM=Engineering, AHMED NAWAR=Engineering, ALEX AUSTIN=Co-Founder / CEO, ALEX BAUER=Marketing, AMANDA MASSEY=Marketing, AMARJIT SINGH=Engineering, AMIT TYAGI=Engineering, AMRUTA DESHMUKH=Engineering, ANJALI KUMAR=Marketing, ANKIT SAXENA=Engineering, ANN MASSOUD=Partner Growth, ANUP OSTWAL=Partner Growth, BARRY KEANE=Partner Growth, BRIAN CHANG=Engineering, BRIAN KRING=Data, BRIAN LAW=Partner Growth, BRIAN SPRINGER=Engineering, BURHAN HAILE=Partner Growth, CAT PEREZ=Partner Growth, CATHLEEN HARTGE=Operations, CHRISTOF JARITZ=Partner Growth, CHRISTOPHER CARVALHO=Partner Growth, CLAY JONES=Marketing, COREY FRICKEL=Partner Growth, CYNTHIA CHIANG=Marketing, DANIA REED=Recruiting, DANNY GAMBOA=Partner Growth, DAVID WESTGATE=Engineering, DERRICK STATEN=Engineering, DEVASMITHA REDDY=Marketing, DMITRI GASKIN=Co-Founder / Engineering, EDWARD SMITH=Engineering, ELIZABETH KINSEY=Marketing, EMRE AKSOY=Partner Growth, ERIC GLOVER=Data, ERIC STEIN=Partner Growth, EVAN KAPLAN=Partner Growth, EVGENIY (GENE) HAYDAMAKHA=Engineering, FARIS MOHIUDDIN=Operations, FELIPE NOGUEROL=Partner Growth, FELIX VIALVA=Engineering, GABRIELLE SALGADO=Partner Growth, GARY MACDONOUGH=Partner Growth, GAUTIER DESSE=Partner Growth, GERRIT YNTEMA=Engineering, GOVIND KAVATURI=Marketing, HARISH CHOUDHARY=Data, HEMANTH SRIDHARA ASHALATHA=Engineering, HERMAN NG=Operations, HUBERT CHEN=Engineering, IAN CHAN=Engineering, IGOR GONEBNYY=Partner Growth, JACKIE CHOI=Engineering, JAKE ADAMS=Engineering, JARED BEN-JAMIN=Partner Growth, JAVERIA KHAN=Engineering, JIM TOMCZYK=Partner Growth, JOHN GILHULY=Partner Growth, JON NESETH=Partner Growth, JONAS BAUER=Engineering, JOSEPH GERAGHTY=Partner Growth, JUAN ANDRADE=Engineering, JUD DAGNALL=Engineering, JYOTSNA JAYARAMAN=Data, KAN YU=Data, KAREN LEE=Partner Growth, KELSEY POLEYEFF=Partner Growth, KRISTY WENTZEL=Operations, LILA STROMINGER=Product, MADA SEGHETE=Co-Founder / Marketing, MADELINE BRONSTEIN=Partner Growth, MARC RITTER=Partner Growth, MARSHALL CLARK=Partner Growth, MATEJ HORAVA=Partner Growth, MAURO SINCHE=Partner Growth, MEGAN BEATY=Partner Growth, MICHAEL HINDMAN=Marketing, MICHAEL KWON=Partner Growth, MICHAEL NORDBERG=Engineering, MICHELLE LERNER=Partner Growth, MIKE MOLINET=Co-Founder / COO, MINESH KHER=Engineering, MONICA CUYONG=Recruiting, NATALI RODRIGUEZ=Product, NAVID ZOLFGHARI=Partner Growth, NEIL MA=Engineering, NICOLAS BONNET=Product, NIDHI MIGLANI=Engineering, PATRICK VAN DER STEEN=Partner Growth, PETER LABERGE=Marketing, PRASANNA RAMANUJAM=Engineering, RAHUL SWAMY=Partner growth, RAMSEY PRYOR=Partner Growth, RICARDO ARAVENA=Data, RUBIN SINGH=Engineering, RUI CHEN=Engineering, RUTH M. PARDEE=Engineering, RYAN CHURAMAN=Engineering, SAHIL VERMA=Engineering, SALOME SHAH=Operations, SAMIT SAWANT=Engineering, SARAH JIMENEZ=Operations, SCOTT DINN=Engineering, SHELBY SIMS=Partner Growth, SHUBHAM MISHRA=Partner Growth, SOJAN PR=Engineering, STACY OSORIO=Partner Growth, STAS ZHUKOVSKIY=Partner Growth, STELLA JU=Marketing, STEPHEN DANIELS=Partner Growth, TAE KIM=Partner Growth, TAMARA SCHROEDER=Marketing, TAREK TANTAWY=Partner Growth, THIBAUT SOUYRIS=Partner Growth, THOMAS QUINLAN=Partner growth, TIM CHINGOS=Partner Growth, TRACY TRUONG=Partner Growth, VIKRAM PRAKASH=Partner Growth, WILL BOOZ=Partner Growth, WILL LINDEMANN=Product, XIAN CHEN=Marketing, YURY USTSINCHYK=Engineering, ZEESHA CURRIMBHOY=Engineering}] but found [{AARON LOPEZ=Engineering, ADAM MICHALSKI=Partner Growth, ADITI VERMA=Data, AGRIM NIGAM=Engineering, AHMED NAWAR=Engineering, ALEX AUSTIN=Co-Founder / CEO, ALEX BAUER=Marketing, AMANDA GRADY=Partner Growth, AMANDA MASSEY=Marketing, AMANDA VANDIVER=Partner Growth, AMARJIT SINGH=Engineering, AMIT TYAGI=Engineering, AMRUTA DESHMUKH=Engineering, ANJALI KUMAR=Marketing, ANKIT SAXENA=Engineering, ANN MASSOUD=Partner Growth, ANUP OSTWAL=Partner Growth, BARRY KEANE=Partner Growth, BRIAN CHANG=Engineering, BRIAN KRING=Data, BRIAN LAW=Partner Growth, BRIAN SPRINGER=Engineering, BURHAN HAILE=Partner Growth, CAT PEREZ=Partner Growth, CATHLEEN HARTGE=Operations, CHRISTOF JARITZ=Partner Growth, CHRISTOPHER CARVALHO=Partner Growth, CLAY JONES=Marketing, COREY FRICKEL=Partner Growth, CYNTHIA CHIANG=Marketing, DANIA REED=Recruiting, DANNY GAMBOA=Partner Growth, DAVID WESTGATE=Engineering, DERRICK STATEN=Engineering, DEVASMITHA REDDY=Marketing, DMITRI GASKIN=Co-Founder / Engineering, EDWARD SMITH=Engineering, ELIZABETH KINSEY=Marketing, EMRE AKSOY=Partner Growth, ERIC GLOVER=Data, ERIC STEIN=Partner Growth, EVAN KAPLAN=Partner Growth, EVGENIY (GENE) HAYDAMAKHA=Engineering, FARIS MOHIUDDIN=Operations, FELIPE NOGUEROL=Partner Growth, FELIX VIALVA=Engineering, GABRIELLE SALGADO=Partner Growth, GARY MACDONOUGH=Partner Growth, GAUTIER DESSE=Partner Growth, GERRIT YNTEMA=Engineering, GOVIND KAVATURI=Marketing, HARISH CHOUDHARY=Data, HEMANTH SRIDHARA ASHALATHA=Engineering, HERMAN NG=Operations, HUBERT CHEN=Engineering, IAN CHAN=Engineering, IGOR GONEBNYY=Partner Growth, JACKIE CHOI=Engineering, JAKE ADAMS=Engineering, JARED BEN-JAMIN=Partner Growth, JAVERIA KHAN=Engineering, JIM TOMCZYK=Partner Growth, JOHN GILHULY=Partner Growth, JON NESETH=Partner Growth, JONAS BAUER=Engineering, JOSEPH GERAGHTY=Partner Growth, JUAN ANDRADE=Engineering, JUD DAGNALL=Engineering, JYOTSNA JAYARAMAN=Data, KAN YU=Data, KAREN LEE=Partner Growth, KELSEY POLEYEFF=Partner Growth, KRISTY WENTZEL=Operations, LILA STROMINGER=Product, MADA SEGHETE=Co-Founder / Marketing, MADELINE BRONSTEIN=Partner Growth, MARC RITTER=Partner Growth, MARK WEILER=Engineering, MARSHALL CLARK=Partner Growth, MATEJ HORAVA=Partner Growth, MAURO SINCHE=Partner Growth, MEGAN BEATY=Partner Growth, MICHAEL HINDMAN=Marketing, MICHAEL KWON=Partner Growth, MICHAEL NORDBERG=Engineering, MICHELLE LERNER=Partner Growth, MIKE MOLINET=Co-Founder / COO, MINESH KHER=Engineering, MONICA CUYONG=Recruiting, NATALI RODRIGUEZ=Product, NAVID ZOLFGHARI=Partner Growth, NEIL MA=Engineering, NICOLAS BONNET=Product, NIDHI MIGLANI=Engineering, PATRICK VAN DER STEEN=Partner Growth, PETER LABERGE=Marketing, PRASANNA RAMANUJAM=Engineering, RAHUL SWAMY=Partner growth, RAMSEY PRYOR=Partner Growth, RICARDO ARAVENA=Data, RUBIN SINGH=Engineering, RUI CHEN=Engineering, RUTH M. PARDEE=Engineering, RYAN CHURAMAN=Engineering, SAHIL VERMA=Engineering, SALOME SHAH=Operations, SAMIT SAWANT=Engineering, SARAH JIMENEZ=Operations, SCOTT DINN=Engineering, SHELBY SIMS=Partner Growth, SHUBHAM MISHRA=Partner Growth, SOJAN PR=Engineering, STACY OSORIO=Partner Growth, STAS ZHUKOVSKIY=Partner Growth, STELLA JU=Marketing, STEPHEN DANIELS=Partner Growth, TAE KIM=Partner Growth, TAMARA SCHROEDER=Marketing, TAREK TANTAWY=Partner Growth, THIBAUT SOUYRIS=Partner Growth, THOMAS QUINLAN=Partner growth, TIM CHINGOS=Partner Growth, TRACY TRUONG=Partner Growth, VATSAL BAJPAI=Engineering, VIKRAM PRAKASH=Partner Growth, WILL BOOZ=Partner Growth, WILL LINDEMANN=Product, XIAN CHEN=Marketing, YEN HOANG=Engineering, YURY USTSINCHYK=Engineering, ZEESHA CURRIMBHOY=Engineering}]">
      <![CDATA[java.lang.AssertionError: The following asserts failed:
Either Total employee count, total employee names or total employee departs don't match with all other tabs expected [{AARON LOPEZ=Engineering, ADAM MICHALSKI=Partner Growth, ADITI VERMA=Data, AGRIM NIGAM=Engineering, AHMED NAWAR=Engineering, ALEX AUSTIN=Co-Founder / CEO, ALEX BAUER=Marketing, AMANDA MASSEY=Marketing, AMARJIT SINGH=Engineering, AMIT TYAGI=Engineering, AMRUTA DESHMUKH=Engineering, ANJALI KUMAR=Marketing, ANKIT SAXENA=Engineering, ANN MASSOUD=Partner Growth, ANUP OSTWAL=Partner Growth, BARRY KEANE=Partner Growth, BRIAN CHANG=Engineering, BRIAN KRING=Data, BRIAN LAW=Partner Growth, BRIAN SPRINGER=Engineering, BURHAN HAILE=Partner Growth, CAT PEREZ=Partner Growth, CATHLEEN HARTGE=Operations, CHRISTOF JARITZ=Partner Growth, CHRISTOPHER CARVALHO=Partner Growth, CLAY JONES=Marketing, COREY FRICKEL=Partner Growth, CYNTHIA CHIANG=Marketing, DANIA REED=Recruiting, DANNY GAMBOA=Partner Growth, DAVID WESTGATE=Engineering, DERRICK STATEN=Engineering, DEVASMITHA REDDY=Marketing, DMITRI GASKIN=Co-Founder / Engineering, EDWARD SMITH=Engineering, ELIZABETH KINSEY=Marketing, EMRE AKSOY=Partner Growth, ERIC GLOVER=Data, ERIC STEIN=Partner Growth, EVAN KAPLAN=Partner Growth, EVGENIY (GENE) HAYDAMAKHA=Engineering, FARIS MOHIUDDIN=Operations, FELIPE NOGUEROL=Partner Growth, FELIX VIALVA=Engineering, GABRIELLE SALGADO=Partner Growth, GARY MACDONOUGH=Partner Growth, GAUTIER DESSE=Partner Growth, GERRIT YNTEMA=Engineering, GOVIND KAVATURI=Marketing, HARISH CHOUDHARY=Data, HEMANTH SRIDHARA ASHALATHA=Engineering, HERMAN NG=Operations, HUBERT CHEN=Engineering, IAN CHAN=Engineering, IGOR GONEBNYY=Partner Growth, JACKIE CHOI=Engineering, JAKE ADAMS=Engineering, JARED BEN-JAMIN=Partner Growth, JAVERIA KHAN=Engineering, JIM TOMCZYK=Partner Growth, JOHN GILHULY=Partner Growth, JON NESETH=Partner Growth, JONAS BAUER=Engineering, JOSEPH GERAGHTY=Partner Growth, JUAN ANDRADE=Engineering, JUD DAGNALL=Engineering, JYOTSNA JAYARAMAN=Data, KAN YU=Data, KAREN LEE=Partner Growth, KELSEY POLEYEFF=Partner Growth, KRISTY WENTZEL=Operations, LILA STROMINGER=Product, MADA SEGHETE=Co-Founder / Marketing, MADELINE BRONSTEIN=Partner Growth, MARC RITTER=Partner Growth, MARSHALL CLARK=Partner Growth, MATEJ HORAVA=Partner Growth, MAURO SINCHE=Partner Growth, MEGAN BEATY=Partner Growth, MICHAEL HINDMAN=Marketing, MICHAEL KWON=Partner Growth, MICHAEL NORDBERG=Engineering, MICHELLE LERNER=Partner Growth, MIKE MOLINET=Co-Founder / COO, MINESH KHER=Engineering, MONICA CUYONG=Recruiting, NATALI RODRIGUEZ=Product, NAVID ZOLFGHARI=Partner Growth, NEIL MA=Engineering, NICOLAS BONNET=Product, NIDHI MIGLANI=Engineering, PATRICK VAN DER STEEN=Partner Growth, PETER LABERGE=Marketing, PRASANNA RAMANUJAM=Engineering, RAHUL SWAMY=Partner growth, RAMSEY PRYOR=Partner Growth, RICARDO ARAVENA=Data, RUBIN SINGH=Engineering, RUI CHEN=Engineering, RUTH M. PARDEE=Engineering, RYAN CHURAMAN=Engineering, SAHIL VERMA=Engineering, SALOME SHAH=Operations, SAMIT SAWANT=Engineering, SARAH JIMENEZ=Operations, SCOTT DINN=Engineering, SHELBY SIMS=Partner Growth, SHUBHAM MISHRA=Partner Growth, SOJAN PR=Engineering, STACY OSORIO=Partner Growth, STAS ZHUKOVSKIY=Partner Growth, STELLA JU=Marketing, STEPHEN DANIELS=Partner Growth, TAE KIM=Partner Growth, TAMARA SCHROEDER=Marketing, TAREK TANTAWY=Partner Growth, THIBAUT SOUYRIS=Partner Growth, THOMAS QUINLAN=Partner growth, TIM CHINGOS=Partner Growth, TRACY TRUONG=Partner Growth, VIKRAM PRAKASH=Partner Growth, WILL BOOZ=Partner Growth, WILL LINDEMANN=Product, XIAN CHEN=Marketing, YURY USTSINCHYK=Engineering, ZEESHA CURRIMBHOY=Engineering}] but found [{AARON LOPEZ=Engineering, ADAM MICHALSKI=Partner Growth, ADITI VERMA=Data, AGRIM NIGAM=Engineering, AHMED NAWAR=Engineering, ALEX AUSTIN=Co-Founder / CEO, ALEX BAUER=Marketing, AMANDA GRADY=Partner Growth, AMANDA MASSEY=Marketing, AMANDA VANDIVER=Partner Growth, AMARJIT SINGH=Engineering, AMIT TYAGI=Engineering, AMRUTA DESHMUKH=Engineering, ANJALI KUMAR=Marketing, ANKIT SAXENA=Engineering, ANN MASSOUD=Partner Growth, ANUP OSTWAL=Partner Growth, BARRY KEANE=Partner Growth, BRIAN CHANG=Engineering, BRIAN KRING=Data, BRIAN LAW=Partner Growth, BRIAN SPRINGER=Engineering, BURHAN HAILE=Partner Growth, CAT PEREZ=Partner Growth, CATHLEEN HARTGE=Operations, CHRISTOF JARITZ=Partner Growth, CHRISTOPHER CARVALHO=Partner Growth, CLAY JONES=Marketing, COREY FRICKEL=Partner Growth, CYNTHIA CHIANG=Marketing, DANIA REED=Recruiting, DANNY GAMBOA=Partner Growth, DAVID WESTGATE=Engineering, DERRICK STATEN=Engineering, DEVASMITHA REDDY=Marketing, DMITRI GASKIN=Co-Founder / Engineering, EDWARD SMITH=Engineering, ELIZABETH KINSEY=Marketing, EMRE AKSOY=Partner Growth, ERIC GLOVER=Data, ERIC STEIN=Partner Growth, EVAN KAPLAN=Partner Growth, EVGENIY (GENE) HAYDAMAKHA=Engineering, FARIS MOHIUDDIN=Operations, FELIPE NOGUEROL=Partner Growth, FELIX VIALVA=Engineering, GABRIELLE SALGADO=Partner Growth, GARY MACDONOUGH=Partner Growth, GAUTIER DESSE=Partner Growth, GERRIT YNTEMA=Engineering, GOVIND KAVATURI=Marketing, HARISH CHOUDHARY=Data, HEMANTH SRIDHARA ASHALATHA=Engineering, HERMAN NG=Operations, HUBERT CHEN=Engineering, IAN CHAN=Engineering, IGOR GONEBNYY=Partner Growth, JACKIE CHOI=Engineering, JAKE ADAMS=Engineering, JARED BEN-JAMIN=Partner Growth, JAVERIA KHAN=Engineering, JIM TOMCZYK=Partner Growth, JOHN GILHULY=Partner Growth, JON NESETH=Partner Growth, JONAS BAUER=Engineering, JOSEPH GERAGHTY=Partner Growth, JUAN ANDRADE=Engineering, JUD DAGNALL=Engineering, JYOTSNA JAYARAMAN=Data, KAN YU=Data, KAREN LEE=Partner Growth, KELSEY POLEYEFF=Partner Growth, KRISTY WENTZEL=Operations, LILA STROMINGER=Product, MADA SEGHETE=Co-Founder / Marketing, MADELINE BRONSTEIN=Partner Growth, MARC RITTER=Partner Growth, MARK WEILER=Engineering, MARSHALL CLARK=Partner Growth, MATEJ HORAVA=Partner Growth, MAURO SINCHE=Partner Growth, MEGAN BEATY=Partner Growth, MICHAEL HINDMAN=Marketing, MICHAEL KWON=Partner Growth, MICHAEL NORDBERG=Engineering, MICHELLE LERNER=Partner Growth, MIKE MOLINET=Co-Founder / COO, MINESH KHER=Engineering, MONICA CUYONG=Recruiting, NATALI RODRIGUEZ=Product, NAVID ZOLFGHARI=Partner Growth, NEIL MA=Engineering, NICOLAS BONNET=Product, NIDHI MIGLANI=Engineering, PATRICK VAN DER STEEN=Partner Growth, PETER LABERGE=Marketing, PRASANNA RAMANUJAM=Engineering, RAHUL SWAMY=Partner growth, RAMSEY PRYOR=Partner Growth, RICARDO ARAVENA=Data, RUBIN SINGH=Engineering, RUI CHEN=Engineering, RUTH M. PARDEE=Engineering, RYAN CHURAMAN=Engineering, SAHIL VERMA=Engineering, SALOME SHAH=Operations, SAMIT SAWANT=Engineering, SARAH JIMENEZ=Operations, SCOTT DINN=Engineering, SHELBY SIMS=Partner Growth, SHUBHAM MISHRA=Partner Growth, SOJAN PR=Engineering, STACY OSORIO=Partner Growth, STAS ZHUKOVSKIY=Partner Growth, STELLA JU=Marketing, STEPHEN DANIELS=Partner Growth, TAE KIM=Partner Growth, TAMARA SCHROEDER=Marketing, TAREK TANTAWY=Partner Growth, THIBAUT SOUYRIS=Partner Growth, THOMAS QUINLAN=Partner growth, TIM CHINGOS=Partner Growth, TRACY TRUONG=Partner Growth, VATSAL BAJPAI=Engineering, VIKRAM PRAKASH=Partner Growth, WILL BOOZ=Partner Growth, WILL LINDEMANN=Product, XIAN CHEN=Marketing, YEN HOANG=Engineering, YURY USTSINCHYK=Engineering, ZEESHA CURRIMBHOY=Engineering}]
at com.branch.qa.testcases.BranchTestCases.checkEmployeeDetails(BranchTestCases.java:56)
... Removed 25 stack frames]]>
    </failure>
  </testcase> <!-- checkEmployeeDetails -->
</testsuite> <!-- Team-Module Test Cases -->
